\BOOKMARK [0][-]{chapter.1}{Introduction}{}
\BOOKMARK [1][-]{section.1.1}{What is OHKLA?}{chapter.1}
\BOOKMARK [1][-]{section.1.2}{Who is organizing OHKLA?}{chapter.1}
\BOOKMARK [1][-]{section.1.3}{How can I get involved in OHKLA?}{chapter.1}
\BOOKMARK [1][-]{section.1.4}{How can I suggest changes, corrections and improvements to this document?}{chapter.1}
\BOOKMARK [0][-]{chapter.2}{Project Overview}{}
\BOOKMARK [1][-]{section.2.1}{Project motivation}{chapter.2}
\BOOKMARK [1][-]{section.2.2}{Flight plan overview}{chapter.2}
\BOOKMARK [1][-]{section.2.3}{Hardware overview}{chapter.2}
\BOOKMARK [2][-]{subsection.2.3.1}{The OHKLA Booster structure}{section.2.3}
\BOOKMARK [2][-]{subsection.2.3.2}{The OHKLA Payload structure}{section.2.3}
\BOOKMARK [2][-]{subsection.2.3.3}{The OHKLA Hybrid Rocket Engine}{section.2.3}
\BOOKMARK [2][-]{subsection.2.3.4}{The OHKLA Avionics System}{section.2.3}
\BOOKMARK [0][-]{chapter.3}{Numerical Analysis}{}
\BOOKMARK [1][-]{subsection.3.0.5}{Impulsive launch approximation}{chapter.3}
\BOOKMARK [2][-]{subsection.3.0.6}{Accurate launch simulation}{subsection.3.0.5}
\BOOKMARK [2][-]{subsection.3.0.7}{Recovery related considerations}{subsection.3.0.5}
\BOOKMARK [0][-]{chapter.4}{Detailed Hardware Descriptions}{}
\BOOKMARK [1][-]{subsection.4.0.8}{The OHKLA Booster structure}{chapter.4}
\BOOKMARK [2][-]{subsection.4.0.9}{The OHKLA Payload structure}{subsection.4.0.8}
\BOOKMARK [2][-]{subsection.4.0.10}{The OHKLA Hybrid Rocket Engine}{subsection.4.0.8}
\BOOKMARK [2][-]{subsection.4.0.11}{The OHKLA Avionics System}{subsection.4.0.8}
\BOOKMARK [0][-]{chapter.5}{Concept Art}{}
