\BOOKMARK [0][-]{chapter.1}{Introduction}{}
\BOOKMARK [1][-]{section.1.1}{What is CLLARE?}{chapter.1}
\BOOKMARK [1][-]{section.1.2}{Who is organizing CLLARE?}{chapter.1}
\BOOKMARK [1][-]{section.1.3}{How can I get involved in CLLARE?}{chapter.1}
\BOOKMARK [1][-]{section.1.4}{How can I suggest changes/corrections/improvements to this document?}{chapter.1}
\BOOKMARK [0][-]{chapter.2}{Project Overview}{}
\BOOKMARK [1][-]{section.2.1}{Mission Overview}{chapter.2}
\BOOKMARK [1][-]{section.2.2}{Core CLLARE Hardware}{chapter.2}
\BOOKMARK [2][-]{subsection.2.2.1}{The CLLARE Command Module}{section.2.2}
\BOOKMARK [2][-]{subsection.2.2.2}{The CLLARE Retro Module}{section.2.2}
\BOOKMARK [2][-]{subsection.2.2.3}{The CLLARE Mission Extension Module}{section.2.2}
\BOOKMARK [2][-]{subsection.2.2.4}{The CLLARE Propulsion Module}{section.2.2}
\BOOKMARK [2][-]{subsection.2.2.5}{The CLLARE Lunar Mission Module}{section.2.2}
\BOOKMARK [2][-]{subsection.2.2.6}{The CLLARE Lunar Lander}{section.2.2}
\BOOKMARK [1][-]{section.2.3}{Launch Options}{chapter.2}
\BOOKMARK [2][-]{subsection.2.3.1}{Suborbital missions}{section.2.3}
\BOOKMARK [2][-]{subsection.2.3.2}{Circumlunar missions}{section.2.3}
\BOOKMARK [2][-]{subsection.2.3.3}{Lunar landing missions}{section.2.3}
\BOOKMARK [1][-]{section.2.4}{A proposed program of launches}{chapter.2}
\BOOKMARK [0][-]{chapter.3}{Numerical Analysis}{}
\BOOKMARK [1][-]{section.3.1}{Astrodynamics}{chapter.3}
\BOOKMARK [1][-]{section.3.2}{Mass figures}{chapter.3}
\BOOKMARK [2][-]{subsection.3.2.1}{Empty structure masses}{section.3.2}
\BOOKMARK [2][-]{subsection.3.2.2}{Consumables masses}{section.3.2}
\BOOKMARK [2][-]{subsection.3.2.3}{Fuel masses}{section.3.2}
\BOOKMARK [2][-]{subsection.3.2.4}{Total launch masses}{section.3.2}
\BOOKMARK [1][-]{section.3.3}{Cost figures}{chapter.3}
\BOOKMARK [2][-]{subsection.3.3.1}{Fuel costs}{section.3.3}
\BOOKMARK [2][-]{subsection.3.3.2}{Launch costs}{section.3.3}
\BOOKMARK [0][-]{chapter.4}{Detailed Hardware Descriptions}{}
\BOOKMARK [1][-]{section.4.1}{The CLLARE Command Module}{chapter.4}
\BOOKMARK [1][-]{section.4.2}{The CLLARE Propulsion Module}{chapter.4}
\BOOKMARK [1][-]{section.4.3}{The CLLARE Lunar Lander}{chapter.4}
